# JRE version: OpenJDK Runtime Environment Temurin-21.0.8+9 (21.0.8+9) (build 21.0.8+9-LTS)
# Java VM: OpenJDK 64-Bit Server VM Temurin-21.0.8+9 (21.0.8+9-LTS, mixed mode, sharing, tiered, compressed oops, compressed class ptrs, parallel gc, windows-amd64)
GC Precious Log:
 CardTable entry size: 512
 CPUs: 8 total, 8 available
 Memory: 7886M
 Large Page Support: Disabled
 NUMA Support: Disabled
 Compressed Oops: Enabled (32-bit)
 Alignments: Space 512K, Generation 512K, Heap 2M
 Heap Min Capacity: 100M
 Heap Initial Capacity: 100M
 Heap Max Capacity: 2G
 Pre-touch: Disabled
 Parallel Workers: 8
Heap:
 PSYoungGen      total 4096K, used 578K [0x00000000d5580000, 0x00000000d5c00000, 0x0000000100000000)
  eden space 2048K, 15% used [0x00000000d5580000,0x00000000d55d08d8,0x00000000d5780000)
  from space 2048K, 12% used [0x00000000d5880000,0x00000000d58c0000,0x00000000d5a80000)
  to   space 1024K, 0% used [0x00000000d5b00000,0x00000000d5b00000,0x00000000d5c00000)
 ParOldGen       total 354304K, used 354009K [0x0000000080000000, 0x0000000095a00000, 0x00000000d5580000)
  object space 354304K, 99% used [0x0000000080000000,0x00000000959b64d8,0x0000000095a00000)
 Metaspace       used 66500K, committed 67904K, reserved 1114112K
  class space    used 7243K, committed 7872K, reserved 1048576K
GC Heap History (20 events):
Event: 176.729 GC heap before
{Heap before GC invocations=205 (full 4):
 PSYoungGen      total 1024K, used 1010K [0x00000000d5580000, 0x00000000d5b80000, 0x0000000100000000)
  eden space 512K, 100% used [0x00000000d5580000,0x00000000d5600000,0x00000000d5600000)
  from space 512K, 97% used [0x00000000d5600000,0x00000000d567c998,0x00000000d5680000)
  to   space 2560K, 0% used [0x00000000d5900000,0x00000000d5900000,0x00000000d5b80000)
 ParOldGen       total 345088K, used 344883K [0x0000000080000000, 0x0000000095100000, 0x00000000d5580000)
  object space 345088K, 99% used [0x0000000080000000,0x00000000950ccda0,0x0000000095100000)
 Metaspace       used 65988K, committed 67456K, reserved 1114112K
  class space    used 7191K, committed 7808K, reserved 1048576K
}
Event: 176.731 GC heap after
{Heap after GC invocations=205 (full 4):
 PSYoungGen      total 2048K, used 636K [0x00000000d5580000, 0x00000000d5a00000, 0x0000000100000000)
  eden space 1024K, 0% used [0x00000000d5580000,0x00000000d5580000,0x00000000d5680000)
  from space 1024K, 62% used [0x00000000d5900000,0x00000000d599f3a8,0x00000000d5a00000)
  to   space 1024K, 0% used [0x00000000d5800000,0x00000000d5800000,0x00000000d5900000)
 ParOldGen       total 345600K, used 345293K [0x0000000080000000, 0x0000000095180000, 0x00000000d5580000)
  object space 345600K, 99% used [0x0000000080000000,0x0000000095133738,0x0000000095180000)
 Metaspace       used 65988K, committed 67456K, reserved 1114112K
  class space    used 7191K, committed 7808K, reserved 1048576K
}
Event: 176.739 GC heap before
{Heap before GC invocations=206 (full 4):
 PSYoungGen      total 2048K, used 1660K [0x00000000d5580000, 0x00000000d5a00000, 0x0000000100000000)
  eden space 1024K, 100% used [0x00000000d5580000,0x00000000d5680000,0x00000000d5680000)
  from space 1024K, 62% used [0x00000000d5900000,0x00000000d599f3a8,0x00000000d5a00000)
  to   space 1024K, 0% used [0x00000000d5800000,0x00000000d5800000,0x00000000d5900000)
 ParOldGen       total 345600K, used 345293K [0x0000000080000000, 0x0000000095180000, 0x00000000d5580000)
  object space 345600K, 99% used [0x0000000080000000,0x0000000095133738,0x0000000095180000)
 Metaspace       used 65988K, committed 67456K, reserved 1114112K
  class space    used 7191K, committed 7808K, reserved 1048576K
}
Event: 176.743 GC heap after
{Heap after GC invocations=206 (full 4):
 PSYoungGen      total 2560K, used 1024K [0x00000000d5580000, 0x00000000d5b00000, 0x0000000100000000)
  eden space 1536K, 0% used [0x00000000d5580000,0x00000000d5580000,0x00000000d5700000)
  from space 1024K, 100% used [0x00000000d5800000,0x00000000d5900000,0x00000000d5900000)
  to   space 2048K, 0% used [0x00000000d5900000,0x00000000d5900000,0x00000000d5b00000)
 ParOldGen       total 346112K, used 345850K [0x0000000080000000, 0x0000000095200000, 0x00000000d5580000)
  object space 346112K, 99% used [0x0000000080000000,0x00000000951beae0,0x0000000095200000)
 Metaspace       used 65988K, committed 67456K, reserved 1114112K
  class space    used 7191K, committed 7808K, reserved 1048576K
}
Event: 176.759 GC heap before
{Heap before GC invocations=207 (full 4):
 PSYoungGen      total 2560K, used 2557K [0x00000000d5580000, 0x00000000d5b00000, 0x0000000100000000)
  eden space 1536K, 99% used [0x00000000d5580000,0x00000000d56ff500,0x00000000d5700000)
  from space 1024K, 100% used [0x00000000d5800000,0x00000000d5900000,0x00000000d5900000)
  to   space 2048K, 0% used [0x00000000d5900000,0x00000000d5900000,0x00000000d5b00000)
 ParOldGen       total 346112K, used 345850K [0x0000000080000000, 0x0000000095200000, 0x00000000d5580000)
  object space 346112K, 99% used [0x0000000080000000,0x00000000951beae0,0x0000000095200000)
 Metaspace       used 65988K, committed 67456K, reserved 1114112K
  class space    used 7191K, committed 7808K, reserved 1048576K
}
Event: 176.764 GC heap after
{Heap after GC invocations=207 (full 4):
 PSYoungGen      total 3584K, used 1632K [0x00000000d5580000, 0x00000000d5b80000, 0x0000000100000000)
  eden space 1536K, 0% used [0x00000000d5580000,0x00000000d5580000,0x00000000d5700000)
  from space 2048K, 79% used [0x00000000d5900000,0x00000000d5a98000,0x00000000d5b00000)
  to   space 2048K, 0% used [0x00000000d5700000,0x00000000d5700000,0x00000000d5900000)
 ParOldGen       total 347136K, used 346858K [0x0000000080000000, 0x0000000095300000, 0x00000000d5580000)
  object space 347136K, 99% used [0x0000000080000000,0x00000000952baae0,0x0000000095300000)
 Metaspace       used 65988K, committed 67456K, reserved 1114112K
  class space    used 7191K, committed 7808K, reserved 1048576K
}
Event: 176.772 GC heap before
{Heap before GC invocations=208 (full 4):
 PSYoungGen      total 3584K, used 3167K [0x00000000d5580000, 0x00000000d5b80000, 0x0000000100000000)
  eden space 1536K, 99% used [0x00000000d5580000,0x00000000d56ffff0,0x00000000d5700000)
  from space 2048K, 79% used [0x00000000d5900000,0x00000000d5a98000,0x00000000d5b00000)
  to   space 2048K, 0% used [0x00000000d5700000,0x00000000d5700000,0x00000000d5900000)
 ParOldGen       total 347136K, used 346858K [0x0000000080000000, 0x0000000095300000, 0x00000000d5580000)
  object space 347136K, 99% used [0x0000000080000000,0x00000000952baae0,0x0000000095300000)
 Metaspace       used 65999K, committed 67456K, reserved 1114112K
  class space    used 7191K, committed 7808K, reserved 1048576K
}
Event: 176.777 GC heap after
{Heap after GC invocations=208 (full 4):
 PSYoungGen      total 3584K, used 1367K [0x00000000d5580000, 0x00000000d5a80000, 0x0000000100000000)
  eden space 1536K, 0% used [0x00000000d5580000,0x00000000d5580000,0x00000000d5700000)
  from space 2048K, 66% used [0x00000000d5700000,0x00000000d5855e68,0x00000000d5900000)
  to   space 1536K, 0% used [0x00000000d5900000,0x00000000d5900000,0x00000000d5a80000)
 ParOldGen       total 348672K, used 348404K [0x0000000080000000, 0x0000000095480000, 0x00000000d5580000)
  object space 348672K, 99% used [0x0000000080000000,0x000000009543d0d8,0x0000000095480000)
 Metaspace       used 65999K, committed 67456K, reserved 1114112K
  class space    used 7191K, committed 7808K, reserved 1048576K
}
Event: 176.836 GC heap before
{Heap before GC invocations=209 (full 4):
 PSYoungGen      total 3584K, used 2849K [0x00000000d5580000, 0x00000000d5a80000, 0x0000000100000000)
  eden space 1536K, 96% used [0x00000000d5580000,0x00000000d56f2748,0x00000000d5700000)
  from space 2048K, 66% used [0x00000000d5700000,0x00000000d5855e68,0x00000000d5900000)
  to   space 1536K, 0% used [0x00000000d5900000,0x00000000d5900000,0x00000000d5a80000)
 ParOldGen       total 348672K, used 348404K [0x0000000080000000, 0x0000000095480000, 0x00000000d5580000)
  object space 348672K, 99% used [0x0000000080000000,0x000000009543d0d8,0x0000000095480000)
 Metaspace       used 66008K, committed 67456K, reserved 1114112K
  class space    used 7192K, committed 7808K, reserved 1048576K
}
Event: 176.843 GC heap after
{Heap after GC invocations=209 (full 4):
 PSYoungGen      total 3584K, used 996K [0x00000000d5580000, 0x00000000d5a80000, 0x0000000100000000)
  eden space 2048K, 0% used [0x00000000d5580000,0x00000000d5580000,0x00000000d5780000)
  from space 1536K, 64% used [0x00000000d5900000,0x00000000d59f92f0,0x00000000d5a80000)
  to   space 1536K, 0% used [0x00000000d5780000,0x00000000d5780000,0x00000000d5900000)
 ParOldGen       total 348672K, used 348610K [0x0000000080000000, 0x0000000095480000, 0x00000000d5580000)
  object space 348672K, 99% used [0x0000000080000000,0x00000000954708f8,0x0000000095480000)
 Metaspace       used 66008K, committed 67456K, reserved 1114112K
  class space    used 7192K, committed 7808K, reserved 1048576K
}
Event: 177.043 GC heap before
{Heap before GC invocations=210 (full 4):
 PSYoungGen      total 3584K, used 3044K [0x00000000d5580000, 0x00000000d5a80000, 0x0000000100000000)
  eden space 2048K, 100% used [0x00000000d5580000,0x00000000d5780000,0x00000000d5780000)
  from space 1536K, 64% used [0x00000000d5900000,0x00000000d59f92f0,0x00000000d5a80000)
  to   space 1536K, 0% used [0x00000000d5780000,0x00000000d5780000,0x00000000d5900000)
 ParOldGen       total 348672K, used 348610K [0x0000000080000000, 0x0000000095480000, 0x00000000d5580000)
  object space 348672K, 99% used [0x0000000080000000,0x00000000954708f8,0x0000000095480000)
 Metaspace       used 66008K, committed 67456K, reserved 1114112K
  class space    used 7192K, committed 7808K, reserved 1048576K
}
Event: 177.047 GC heap after
{Heap after GC invocations=210 (full 4):
 PSYoungGen      total 3584K, used 1056K [0x00000000d5580000, 0x00000000d5b00000, 0x0000000100000000)
  eden space 2048K, 0% used [0x00000000d5580000,0x00000000d5580000,0x00000000d5780000)
  from space 1536K, 68% used [0x00000000d5780000,0x00000000d5888018,0x00000000d5900000)
  to   space 1536K, 0% used [0x00000000d5980000,0x00000000d5980000,0x00000000d5b00000)
 ParOldGen       total 349696K, used 349290K [0x0000000080000000, 0x0000000095580000, 0x00000000d5580000)
  object space 349696K, 99% used [0x0000000080000000,0x000000009551abd8,0x0000000095580000)
 Metaspace       used 66008K, committed 67456K, reserved 1114112K
  class space    used 7192K, committed 7808K, reserved 1048576K
}
Event: 177.342 GC heap before
{Heap before GC invocations=211 (full 4):
 PSYoungGen      total 3584K, used 3104K [0x00000000d5580000, 0x00000000d5b00000, 0x0000000100000000)
  eden space 2048K, 100% used [0x00000000d5580000,0x00000000d5780000,0x00000000d5780000)
  from space 1536K, 68% used [0x00000000d5780000,0x00000000d5888018,0x00000000d5900000)
  to   space 1536K, 0% used [0x00000000d5980000,0x00000000d5980000,0x00000000d5b00000)
 ParOldGen       total 349696K, used 349290K [0x0000000080000000, 0x0000000095580000, 0x00000000d5580000)
  object space 349696K, 99% used [0x0000000080000000,0x000000009551abd8,0x0000000095580000)
 Metaspace       used 66037K, committed 67456K, reserved 1114112K
  class space    used 7198K, committed 7808K, reserved 1048576K
}
Event: 177.347 GC heap after
{Heap after GC invocations=211 (full 4):
 PSYoungGen      total 3584K, used 1409K [0x00000000d5580000, 0x00000000d5b00000, 0x0000000100000000)
  eden space 2048K, 0% used [0x00000000d5580000,0x00000000d5580000,0x00000000d5780000)
  from space 1536K, 91% used [0x00000000d5980000,0x00000000d5ae06e0,0x00000000d5b00000)
  to   space 1536K, 0% used [0x00000000d5780000,0x00000000d5780000,0x00000000d5900000)
 ParOldGen       total 350720K, used 350218K [0x0000000080000000, 0x0000000095680000, 0x00000000d5580000)
  object space 350720K, 99% used [0x0000000080000000,0x0000000095602bf0,0x0000000095680000)
 Metaspace       used 66037K, committed 67456K, reserved 1114112K
  class space    used 7198K, committed 7808K, reserved 1048576K
}
Event: 177.380 GC heap before
{Heap before GC invocations=212 (full 4):
 PSYoungGen      total 3584K, used 3457K [0x00000000d5580000, 0x00000000d5b00000, 0x0000000100000000)
  eden space 2048K, 100% used [0x00000000d5580000,0x00000000d5780000,0x00000000d5780000)
  from space 1536K, 91% used [0x00000000d5980000,0x00000000d5ae06e0,0x00000000d5b00000)
  to   space 1536K, 0% used [0x00000000d5780000,0x00000000d5780000,0x00000000d5900000)
 ParOldGen       total 350720K, used 350218K [0x0000000080000000, 0x0000000095680000, 0x00000000d5580000)
  object space 350720K, 99% used [0x0000000080000000,0x0000000095602bf0,0x0000000095680000)
 Metaspace       used 66049K, committed 67456K, reserved 1114112K
  class space    used 7202K, committed 7808K, reserved 1048576K
}
Event: 177.387 GC heap after
{Heap after GC invocations=212 (full 4):
 PSYoungGen      total 3584K, used 1536K [0x00000000d5580000, 0x00000000d5f00000, 0x0000000100000000)
  eden space 2048K, 0% used [0x00000000d5580000,0x00000000d5580000,0x00000000d5780000)
  from space 1536K, 100% used [0x00000000d5780000,0x00000000d5900000,0x00000000d5900000)
  to   space 3584K, 0% used [0x00000000d5b80000,0x00000000d5b80000,0x00000000d5f00000)
 ParOldGen       total 352256K, used 351793K [0x0000000080000000, 0x0000000095800000, 0x00000000d5580000)
  object space 352256K, 99% used [0x0000000080000000,0x000000009578c4d8,0x0000000095800000)
 Metaspace       used 66049K, committed 67456K, reserved 1114112K
  class space    used 7202K, committed 7808K, reserved 1048576K
}
Event: 178.638 GC heap before
{Heap before GC invocations=213 (full 4):
 PSYoungGen      total 3584K, used 3583K [0x00000000d5580000, 0x00000000d5f00000, 0x0000000100000000)
  eden space 2048K, 99% used [0x00000000d5580000,0x00000000d577ffd0,0x00000000d5780000)
  from space 1536K, 100% used [0x00000000d5780000,0x00000000d5900000,0x00000000d5900000)
  to   space 3584K, 0% used [0x00000000d5b80000,0x00000000d5b80000,0x00000000d5f00000)
 ParOldGen       total 352256K, used 351793K [0x0000000080000000, 0x0000000095800000, 0x00000000d5580000)
  object space 352256K, 99% used [0x0000000080000000,0x000000009578c4d8,0x0000000095800000)
 Metaspace       used 66140K, committed 67520K, reserved 1114112K
  class space    used 7213K, committed 7808K, reserved 1048576K
}
Event: 178.645 GC heap after
{Heap after GC invocations=213 (full 4):
 PSYoungGen      total 3072K, used 832K [0x00000000d5580000, 0x00000000d5c80000, 0x0000000100000000)
  eden space 2048K, 0% used [0x00000000d5580000,0x00000000d5580000,0x00000000d5780000)
  from space 1024K, 81% used [0x00000000d5b80000,0x00000000d5c50020,0x00000000d5c80000)
  to   space 2048K, 0% used [0x00000000d5880000,0x00000000d5880000,0x00000000d5a80000)
 ParOldGen       total 353792K, used 353377K [0x0000000080000000, 0x0000000095980000, 0x00000000d5580000)
  object space 353792K, 99% used [0x0000000080000000,0x00000000959184d8,0x0000000095980000)
 Metaspace       used 66140K, committed 67520K, reserved 1114112K
  class space    used 7213K, committed 7808K, reserved 1048576K
}
Event: 373.442 GC heap before
{Heap before GC invocations=214 (full 4):
 PSYoungGen      total 3072K, used 2875K [0x00000000d5580000, 0x00000000d5c80000, 0x0000000100000000)
  eden space 2048K, 99% used [0x00000000d5580000,0x00000000d577ef70,0x00000000d5780000)
  from space 1024K, 81% used [0x00000000d5b80000,0x00000000d5c50020,0x00000000d5c80000)
  to   space 2048K, 0% used [0x00000000d5880000,0x00000000d5880000,0x00000000d5a80000)
 ParOldGen       total 353792K, used 353377K [0x0000000080000000, 0x0000000095980000, 0x00000000d5580000)
  object space 353792K, 99% used [0x0000000080000000,0x00000000959184d8,0x0000000095980000)
 Metaspace       used 66409K, committed 67840K, reserved 1114112K
  class space    used 7243K, committed 7872K, reserved 1048576K
}
Event: 373.739 GC heap after
{Heap after GC invocations=214 (full 4):
 PSYoungGen      total 4096K, used 256K [0x00000000d5580000, 0x00000000d5c00000, 0x0000000100000000)
  eden space 2048K, 0% used [0x00000000d5580000,0x00000000d5580000,0x00000000d5780000)
  from space 2048K, 12% used [0x00000000d5880000,0x00000000d58c0000,0x00000000d5a80000)
  to   space 1024K, 0% used [0x00000000d5b00000,0x00000000d5b00000,0x00000000d5c00000)
 ParOldGen       total 354304K, used 354009K [0x0000000080000000, 0x0000000095a00000, 0x00000000d5580000)
  object space 354304K, 99% used [0x0000000080000000,0x00000000959b64d8,0x0000000095a00000)
 Metaspace       used 66409K, committed 67840K, reserved 1114112K
  class space    used 7243K, committed 7872K, reserved 1048576K
}

