# JRE version: OpenJDK Runtime Environment Temurin-21.0.8+9 (21.0.8+9) (build 21.0.8+9-LTS)
# Java VM: OpenJDK 64-Bit Server VM Temurin-21.0.8+9 (21.0.8+9-LTS, mixed mode, sharing, tiered, compressed oops, compressed class ptrs, parallel gc, windows-amd64)
GC Precious Log:
 CardTable entry size: 512
 CPUs: 8 total, 8 available
 Memory: 7886M
 Large Page Support: Disabled
 NUMA Support: Disabled
 Compressed Oops: Enabled (32-bit)
 Alignments: Space 512K, Generation 512K, Heap 2M
 Heap Min Capacity: 100M
 Heap Initial Capacity: 100M
 Heap Max Capacity: 2G
 Pre-touch: Disabled
 Parallel Workers: 8
Heap:
 PSYoungGen      total 2560K, used 1651K [0x00000000d5580000, 0x00000000d5a80000, 0x0000000100000000)
  eden space 2048K, 61% used [0x00000000d5580000,0x00000000d56b8e40,0x00000000d5780000)
  from space 512K, 78% used [0x00000000d5a00000,0x00000000d5a64010,0x00000000d5a80000)
  to   space 512K, 0% used [0x00000000d5980000,0x00000000d5980000,0x00000000d5a00000)
 ParOldGen       total 776192K, used 284089K [0x0000000080000000, 0x00000000af600000, 0x00000000d5580000)
  object space 776192K, 36% used [0x0000000080000000,0x000000009156e610,0x00000000af600000)
 Metaspace       used 91168K, committed 93376K, reserved 1179648K
  class space    used 9161K, committed 10496K, reserved 1048576K
GC Heap History (20 events):
Event: 34622.555 GC heap before
{Heap before GC invocations=1642 (full 5):
 PSYoungGen      total 5120K, used 4960K [0x00000000d5580000, 0x00000000d5e80000, 0x0000000100000000)
  eden space 4096K, 100% used [0x00000000d5580000,0x00000000d5980000,0x00000000d5980000)
  from space 1024K, 84% used [0x00000000d5d80000,0x00000000d5e58000,0x00000000d5e80000)
  to   space 2048K, 0% used [0x00000000d5a80000,0x00000000d5a80000,0x00000000d5c80000)
 ParOldGen       total 776192K, used 270138K [0x0000000080000000, 0x00000000af600000, 0x00000000d5580000)
  object space 776192K, 34% used [0x0000000080000000,0x00000000907ceb30,0x00000000af600000)
 Metaspace       used 91148K, committed 93376K, reserved 1179648K
  class space    used 9161K, committed 10496K, reserved 1048576K
}
Event: 34622.562 GC heap after
{Heap after GC invocations=1642 (full 5):
 PSYoungGen      total 7168K, used 2017K [0x00000000d5580000, 0x00000000d6180000, 0x0000000100000000)
  eden space 5120K, 0% used [0x00000000d5580000,0x00000000d5580000,0x00000000d5a80000)
  from space 2048K, 98% used [0x00000000d5a80000,0x00000000d5c786e0,0x00000000d5c80000)
  to   space 3584K, 0% used [0x00000000d5e00000,0x00000000d5e00000,0x00000000d6180000)
 ParOldGen       total 776192K, used 271106K [0x0000000080000000, 0x00000000af600000, 0x00000000d5580000)
  object space 776192K, 34% used [0x0000000080000000,0x00000000908c0830,0x00000000af600000)
 Metaspace       used 91148K, committed 93376K, reserved 1179648K
  class space    used 9161K, committed 10496K, reserved 1048576K
}
Event: 34622.571 GC heap before
{Heap before GC invocations=1643 (full 5):
 PSYoungGen      total 7168K, used 7137K [0x00000000d5580000, 0x00000000d6180000, 0x0000000100000000)
  eden space 5120K, 100% used [0x00000000d5580000,0x00000000d5a80000,0x00000000d5a80000)
  from space 2048K, 98% used [0x00000000d5a80000,0x00000000d5c786e0,0x00000000d5c80000)
  to   space 3584K, 0% used [0x00000000d5e00000,0x00000000d5e00000,0x00000000d6180000)
 ParOldGen       total 776192K, used 271106K [0x0000000080000000, 0x00000000af600000, 0x00000000d5580000)
  object space 776192K, 34% used [0x0000000080000000,0x00000000908c0830,0x00000000af600000)
 Metaspace       used 91148K, committed 93376K, reserved 1179648K
  class space    used 9161K, committed 10496K, reserved 1048576K
}
Event: 34622.575 GC heap after
{Heap after GC invocations=1643 (full 5):
 PSYoungGen      total 6656K, used 352K [0x00000000d5580000, 0x00000000d5e80000, 0x0000000100000000)
  eden space 6144K, 0% used [0x00000000d5580000,0x00000000d5580000,0x00000000d5b80000)
  from space 512K, 68% used [0x00000000d5e00000,0x00000000d5e58000,0x00000000d5e80000)
  to   space 1536K, 0% used [0x00000000d5b80000,0x00000000d5b80000,0x00000000d5d00000)
 ParOldGen       total 776192K, used 271705K [0x0000000080000000, 0x00000000af600000, 0x00000000d5580000)
  object space 776192K, 35% used [0x0000000080000000,0x0000000090956410,0x00000000af600000)
 Metaspace       used 91148K, committed 93376K, reserved 1179648K
  class space    used 9161K, committed 10496K, reserved 1048576K
}
Event: 34681.770 GC heap before
{Heap before GC invocations=1644 (full 5):
 PSYoungGen      total 6656K, used 6496K [0x00000000d5580000, 0x00000000d5e80000, 0x0000000100000000)
  eden space 6144K, 100% used [0x00000000d5580000,0x00000000d5b80000,0x00000000d5b80000)
  from space 512K, 68% used [0x00000000d5e00000,0x00000000d5e58000,0x00000000d5e80000)
  to   space 1536K, 0% used [0x00000000d5b80000,0x00000000d5b80000,0x00000000d5d00000)
 ParOldGen       total 776192K, used 271705K [0x0000000080000000, 0x00000000af600000, 0x00000000d5580000)
  object space 776192K, 35% used [0x0000000080000000,0x0000000090956410,0x00000000af600000)
 Metaspace       used 91150K, committed 93376K, reserved 1179648K
  class space    used 9161K, committed 10496K, reserved 1048576K
}
Event: 34681.780 GC heap after
{Heap after GC invocations=1644 (full 5):
 PSYoungGen      total 7680K, used 992K [0x00000000d5580000, 0x00000000d6000000, 0x0000000100000000)
  eden space 6144K, 0% used [0x00000000d5580000,0x00000000d5580000,0x00000000d5b80000)
  from space 1536K, 64% used [0x00000000d5b80000,0x00000000d5c78000,0x00000000d5d00000)
  to   space 1536K, 0% used [0x00000000d5e80000,0x00000000d5e80000,0x00000000d6000000)
 ParOldGen       total 776192K, used 271753K [0x0000000080000000, 0x00000000af600000, 0x00000000d5580000)
  object space 776192K, 35% used [0x0000000080000000,0x0000000090962410,0x00000000af600000)
 Metaspace       used 91150K, committed 93376K, reserved 1179648K
  class space    used 9161K, committed 10496K, reserved 1048576K
}
Event: 34886.511 GC heap before
{Heap before GC invocations=1645 (full 5):
 PSYoungGen      total 7680K, used 7136K [0x00000000d5580000, 0x00000000d6000000, 0x0000000100000000)
  eden space 6144K, 100% used [0x00000000d5580000,0x00000000d5b80000,0x00000000d5b80000)
  from space 1536K, 64% used [0x00000000d5b80000,0x00000000d5c78000,0x00000000d5d00000)
  to   space 1536K, 0% used [0x00000000d5e80000,0x00000000d5e80000,0x00000000d6000000)
 ParOldGen       total 776192K, used 271753K [0x0000000080000000, 0x00000000af600000, 0x00000000d5580000)
  object space 776192K, 35% used [0x0000000080000000,0x0000000090962410,0x00000000af600000)
 Metaspace       used 91162K, committed 93376K, reserved 1179648K
  class space    used 9161K, committed 10496K, reserved 1048576K
}
Event: 34886.555 GC heap after
{Heap after GC invocations=1645 (full 5):
 PSYoungGen      total 5632K, used 1524K [0x00000000d5580000, 0x00000000d6580000, 0x0000000100000000)
  eden space 4096K, 0% used [0x00000000d5580000,0x00000000d5580000,0x00000000d5980000)
  from space 1536K, 99% used [0x00000000d5e80000,0x00000000d5ffd000,0x00000000d6000000)
  to   space 5120K, 0% used [0x00000000d5980000,0x00000000d5980000,0x00000000d5e80000)
 ParOldGen       total 776192K, used 274342K [0x0000000080000000, 0x00000000af600000, 0x00000000d5580000)
  object space 776192K, 35% used [0x0000000080000000,0x0000000090be9810,0x00000000af600000)
 Metaspace       used 91162K, committed 93376K, reserved 1179648K
  class space    used 9161K, committed 10496K, reserved 1048576K
}
Event: 34886.605 GC heap before
{Heap before GC invocations=1646 (full 5):
 PSYoungGen      total 5632K, used 5206K [0x00000000d5580000, 0x00000000d6580000, 0x0000000100000000)
  eden space 4096K, 89% used [0x00000000d5580000,0x00000000d5918b28,0x00000000d5980000)
  from space 1536K, 99% used [0x00000000d5e80000,0x00000000d5ffd000,0x00000000d6000000)
  to   space 5120K, 0% used [0x00000000d5980000,0x00000000d5980000,0x00000000d5e80000)
 ParOldGen       total 776192K, used 274342K [0x0000000080000000, 0x00000000af600000, 0x00000000d5580000)
  object space 776192K, 35% used [0x0000000080000000,0x0000000090be9810,0x00000000af600000)
 Metaspace       used 91162K, committed 93376K, reserved 1179648K
  class space    used 9161K, committed 10496K, reserved 1048576K
}
Event: 34886.618 GC heap after
{Heap after GC invocations=1646 (full 5):
 PSYoungGen      total 7680K, used 3296K [0x00000000d5580000, 0x00000000d6080000, 0x0000000100000000)
  eden space 4096K, 0% used [0x00000000d5580000,0x00000000d5580000,0x00000000d5980000)
  from space 3584K, 91% used [0x00000000d5980000,0x00000000d5cb8000,0x00000000d5d00000)
  to   space 3584K, 0% used [0x00000000d5d00000,0x00000000d5d00000,0x00000000d6080000)
 ParOldGen       total 776192K, used 276140K [0x0000000080000000, 0x00000000af600000, 0x00000000d5580000)
  object space 776192K, 35% used [0x0000000080000000,0x0000000090dab010,0x00000000af600000)
 Metaspace       used 91162K, committed 93376K, reserved 1179648K
  class space    used 9161K, committed 10496K, reserved 1048576K
}
Event: 34886.690 GC heap before
{Heap before GC invocations=1647 (full 5):
 PSYoungGen      total 7680K, used 7366K [0x00000000d5580000, 0x00000000d6080000, 0x0000000100000000)
  eden space 4096K, 99% used [0x00000000d5580000,0x00000000d5979ab8,0x00000000d5980000)
  from space 3584K, 91% used [0x00000000d5980000,0x00000000d5cb8000,0x00000000d5d00000)
  to   space 3584K, 0% used [0x00000000d5d00000,0x00000000d5d00000,0x00000000d6080000)
 ParOldGen       total 776192K, used 276140K [0x0000000080000000, 0x00000000af600000, 0x00000000d5580000)
  object space 776192K, 35% used [0x0000000080000000,0x0000000090dab010,0x00000000af600000)
 Metaspace       used 91162K, committed 93376K, reserved 1179648K
  class space    used 9161K, committed 10496K, reserved 1048576K
}
Event: 34886.716 GC heap after
{Heap after GC invocations=1647 (full 5):
 PSYoungGen      total 4096K, used 3569K [0x00000000d5580000, 0x00000000d6880000, 0x0000000100000000)
  eden space 512K, 0% used [0x00000000d5580000,0x00000000d5580000,0x00000000d5600000)
  from space 3584K, 99% used [0x00000000d5d00000,0x00000000d607c500,0x00000000d6080000)
  to   space 7168K, 0% used [0x00000000d5600000,0x00000000d5600000,0x00000000d5d00000)
 ParOldGen       total 776192K, used 279313K [0x0000000080000000, 0x00000000af600000, 0x00000000d5580000)
  object space 776192K, 35% used [0x0000000080000000,0x00000000910c4410,0x00000000af600000)
 Metaspace       used 91162K, committed 93376K, reserved 1179648K
  class space    used 9161K, committed 10496K, reserved 1048576K
}
Event: 34886.722 GC heap before
{Heap before GC invocations=1648 (full 5):
 PSYoungGen      total 4096K, used 4057K [0x00000000d5580000, 0x00000000d6880000, 0x0000000100000000)
  eden space 512K, 95% used [0x00000000d5580000,0x00000000d55fa298,0x00000000d5600000)
  from space 3584K, 99% used [0x00000000d5d00000,0x00000000d607c500,0x00000000d6080000)
  to   space 7168K, 0% used [0x00000000d5600000,0x00000000d5600000,0x00000000d5d00000)
 ParOldGen       total 776192K, used 279313K [0x0000000080000000, 0x00000000af600000, 0x00000000d5580000)
  object space 776192K, 35% used [0x0000000080000000,0x00000000910c4410,0x00000000af600000)
 Metaspace       used 91162K, committed 93376K, reserved 1179648K
  class space    used 9161K, committed 10496K, reserved 1048576K
}
Event: 34886.740 GC heap after
{Heap after GC invocations=1648 (full 5):
 PSYoungGen      total 1024K, used 456K [0x00000000d5580000, 0x00000000d5d80000, 0x0000000100000000)
  eden space 512K, 0% used [0x00000000d5580000,0x00000000d5580000,0x00000000d5600000)
  from space 512K, 89% used [0x00000000d5600000,0x00000000d5672000,0x00000000d5680000)
  to   space 3072K, 0% used [0x00000000d5a80000,0x00000000d5a80000,0x00000000d5d80000)
 ParOldGen       total 776192K, used 283193K [0x0000000080000000, 0x00000000af600000, 0x00000000d5580000)
  object space 776192K, 36% used [0x0000000080000000,0x000000009148e610,0x00000000af600000)
 Metaspace       used 91162K, committed 93376K, reserved 1179648K
  class space    used 9161K, committed 10496K, reserved 1048576K
}
Event: 34886.746 GC heap before
{Heap before GC invocations=1649 (full 5):
 PSYoungGen      total 1024K, used 968K [0x00000000d5580000, 0x00000000d5d80000, 0x0000000100000000)
  eden space 512K, 100% used [0x00000000d5580000,0x00000000d5600000,0x00000000d5600000)
  from space 512K, 89% used [0x00000000d5600000,0x00000000d5672000,0x00000000d5680000)
  to   space 3072K, 0% used [0x00000000d5a80000,0x00000000d5a80000,0x00000000d5d80000)
 ParOldGen       total 776192K, used 283193K [0x0000000080000000, 0x00000000af600000, 0x00000000d5580000)
  object space 776192K, 36% used [0x0000000080000000,0x000000009148e610,0x00000000af600000)
 Metaspace       used 91162K, committed 93376K, reserved 1179648K
  class space    used 9161K, committed 10496K, reserved 1048576K
}
Event: 34886.751 GC heap after
{Heap after GC invocations=1649 (full 5):
 PSYoungGen      total 2048K, used 592K [0x00000000d5580000, 0x00000000d5b80000, 0x0000000100000000)
  eden space 1024K, 0% used [0x00000000d5580000,0x00000000d5580000,0x00000000d5680000)
  from space 1024K, 57% used [0x00000000d5a80000,0x00000000d5b14000,0x00000000d5b80000)
  to   space 1024K, 0% used [0x00000000d5980000,0x00000000d5980000,0x00000000d5a80000)
 ParOldGen       total 776192K, used 283449K [0x0000000080000000, 0x00000000af600000, 0x00000000d5580000)
  object space 776192K, 36% used [0x0000000080000000,0x00000000914ce610,0x00000000af600000)
 Metaspace       used 91162K, committed 93376K, reserved 1179648K
  class space    used 9161K, committed 10496K, reserved 1048576K
}
Event: 34886.909 GC heap before
{Heap before GC invocations=1650 (full 5):
 PSYoungGen      total 2048K, used 1616K [0x00000000d5580000, 0x00000000d5b80000, 0x0000000100000000)
  eden space 1024K, 100% used [0x00000000d5580000,0x00000000d5680000,0x00000000d5680000)
  from space 1024K, 57% used [0x00000000d5a80000,0x00000000d5b14000,0x00000000d5b80000)
  to   space 1024K, 0% used [0x00000000d5980000,0x00000000d5980000,0x00000000d5a80000)
 ParOldGen       total 776192K, used 283449K [0x0000000080000000, 0x00000000af600000, 0x00000000d5580000)
  object space 776192K, 36% used [0x0000000080000000,0x00000000914ce610,0x00000000af600000)
 Metaspace       used 91162K, committed 93376K, reserved 1179648K
  class space    used 9161K, committed 10496K, reserved 1048576K
}
Event: 34886.915 GC heap after
{Heap after GC invocations=1650 (full 5):
 PSYoungGen      total 2048K, used 480K [0x00000000d5580000, 0x00000000d5b00000, 0x0000000100000000)
  eden space 1536K, 0% used [0x00000000d5580000,0x00000000d5580000,0x00000000d5700000)
  from space 512K, 93% used [0x00000000d5980000,0x00000000d59f8000,0x00000000d5a00000)
  to   space 1024K, 0% used [0x00000000d5a00000,0x00000000d5a00000,0x00000000d5b00000)
 ParOldGen       total 776192K, used 283985K [0x0000000080000000, 0x00000000af600000, 0x00000000d5580000)
  object space 776192K, 36% used [0x0000000080000000,0x0000000091554610,0x00000000af600000)
 Metaspace       used 91162K, committed 93376K, reserved 1179648K
  class space    used 9161K, committed 10496K, reserved 1048576K
}
Event: 34886.943 GC heap before
{Heap before GC invocations=1651 (full 5):
 PSYoungGen      total 2048K, used 2016K [0x00000000d5580000, 0x00000000d5b00000, 0x0000000100000000)
  eden space 1536K, 100% used [0x00000000d5580000,0x00000000d5700000,0x00000000d5700000)
  from space 512K, 93% used [0x00000000d5980000,0x00000000d59f8000,0x00000000d5a00000)
  to   space 1024K, 0% used [0x00000000d5a00000,0x00000000d5a00000,0x00000000d5b00000)
 ParOldGen       total 776192K, used 283985K [0x0000000080000000, 0x00000000af600000, 0x00000000d5580000)
  object space 776192K, 36% used [0x0000000080000000,0x0000000091554610,0x00000000af600000)
 Metaspace       used 91164K, committed 93376K, reserved 1179648K
  class space    used 9161K, committed 10496K, reserved 1048576K
}
Event: 34886.945 GC heap after
{Heap after GC invocations=1651 (full 5):
 PSYoungGen      total 2560K, used 400K [0x00000000d5580000, 0x00000000d5a80000, 0x0000000100000000)
  eden space 2048K, 0% used [0x00000000d5580000,0x00000000d5580000,0x00000000d5780000)
  from space 512K, 78% used [0x00000000d5a00000,0x00000000d5a64010,0x00000000d5a80000)
  to   space 512K, 0% used [0x00000000d5980000,0x00000000d5980000,0x00000000d5a00000)
 ParOldGen       total 776192K, used 284089K [0x0000000080000000, 0x00000000af600000, 0x00000000d5580000)
  object space 776192K, 36% used [0x0000000080000000,0x000000009156e610,0x00000000af600000)
 Metaspace       used 91164K, committed 93376K, reserved 1179648K
  class space    used 9161K, committed 10496K, reserved 1048576K
}

